<?xml version="1.0" encoding="UTF-8"?>
<!-- Generated by org.testng.reporters.JUnitReportReporter -->
<testsuite hostname="CPDK316" failures="0" tests="1" name="FirstTest.RentACarFullTest" time="3.093" errors="0" timestamp="2024-07-05T17:25:05 IST" skipped="0">
  <testcase classname="FirstTest.RentACarFullTest" name="DELETEApi" time="3.093"/>
</testsuite> <!-- FirstTest.RentACarFullTest -->
