<?xml version="1.0" encoding="UTF-8"?>
<!-- Generated by org.testng.reporters.JUnitReportReporter -->
<testsuite hostname="CPDK316" failures="0" tests="1" name="FirstTest.JSONSchemaValidator" time="8.331" errors="0" timestamp="2024-07-05T16:54:50 IST" skipped="0">
  <testcase classname="FirstTest.JSONSchemaValidator" name="testGET1" time="8.331"/>
</testsuite> <!-- FirstTest.JSONSchemaValidator -->
